2020/06/24-11:02 [restartedMain] INFO  com.example.demo.SpringBootDemo8Ehcahe2Application- Starting SpringBootDemo8Ehcahe2Application on DESKTOP-JM6IDBQ with PID 7100 (E:\MyEclipse\spring-\spring-boot-demo8-ehcahe-2\target\classes started by sff in E:\MyEclipse\spring-\spring-boot-demo8-ehcahe-2)
2020/06/24-11:02 [restartedMain] INFO  com.example.demo.SpringBootDemo8Ehcahe2Application- No active profile set, falling back to default profiles: default
2020/06/24-11:02 [restartedMain] INFO  org.springframework.data.repository.config.RepositoryConfigurationDelegate- Bootstrapping Spring Data JPA repositories in DEFERRED mode.
2020/06/24-11:02 [restartedMain] INFO  org.springframework.data.repository.config.RepositoryConfigurationDelegate- Finished Spring Data repository scanning in 5ms. Found 0 JPA repository interfaces.
2020/06/24-11:02 [restartedMain] INFO  org.springframework.boot.web.embedded.tomcat.TomcatWebServer- Tomcat initialized with port(s): 8080 (http)
2020/06/24-11:02 [restartedMain] INFO  org.apache.catalina.core.StandardService- Starting service [Tomcat]
2020/06/24-11:02 [restartedMain] INFO  org.apache.catalina.core.StandardEngine- Starting Servlet engine: [Apache Tomcat/9.0.36]
2020/06/24-11:02 [restartedMain] INFO  org.apache.catalina.core.ContainerBase.[Tomcat].[localhost].[/demo]- Initializing Spring embedded WebApplicationContext
2020/06/24-11:02 [restartedMain] INFO  org.springframework.boot.web.servlet.context.ServletWebServerApplicationContext- Root WebApplicationContext: initialization completed in 704 ms
2020/06/24-11:02 [restartedMain] INFO  org.springframework.scheduling.concurrent.ThreadPoolTaskExecutor- Initializing ExecutorService 'applicationTaskExecutor'
2020/06/24-11:02 [restartedMain] INFO  com.zaxxer.hikari.HikariDataSource- HikariPool-25 - Starting...
2020/06/24-11:02 [restartedMain] INFO  com.zaxxer.hikari.HikariDataSource- HikariPool-25 - Start completed.
2020/06/24-11:02 [task-1] INFO  org.hibernate.jpa.internal.util.LogHelper- HHH000204: Processing PersistenceUnitInfo [name: default]
2020/06/24-11:02 [task-1] INFO  org.hibernate.dialect.Dialect- HHH000400: Using dialect: org.hibernate.dialect.MySQL55Dialect
2020/06/24-11:02 [task-1] INFO  org.hibernate.engine.transaction.jta.platform.internal.JtaPlatformInitiator- HHH000490: Using JtaPlatform implementation: [org.hibernate.engine.transaction.jta.platform.internal.NoJtaPlatform]
2020/06/24-11:02 [task-1] INFO  org.springframework.orm.jpa.LocalContainerEntityManagerFactoryBean- Initialized JPA EntityManagerFactory for persistence unit 'default'
2020/06/24-11:02 [restartedMain] WARN  org.springframework.boot.autoconfigure.orm.jpa.JpaBaseConfiguration$JpaWebConfiguration- spring.jpa.open-in-view is enabled by default. Therefore, database queries may be performed during view rendering. Explicitly configure spring.jpa.open-in-view to disable this warning
2020/06/24-11:02 [restartedMain] INFO  org.springframework.boot.autoconfigure.web.servlet.WelcomePageHandlerMapping- Adding welcome page template: index
2020/06/24-11:02 [restartedMain] INFO  org.springframework.boot.devtools.autoconfigure.OptionalLiveReloadServer- LiveReload server is running on port 35729
2020/06/24-11:02 [restartedMain] INFO  org.springframework.boot.web.embedded.tomcat.TomcatWebServer- Tomcat started on port(s): 8080 (http) with context path '/demo'
2020/06/24-11:02 [restartedMain] INFO  org.springframework.data.repository.config.DeferredRepositoryInitializationListener- Triggering deferred initialization of Spring Data repositories…
2020/06/24-11:02 [restartedMain] INFO  org.springframework.data.repository.config.DeferredRepositoryInitializationListener- Spring Data repositories initialized!
2020/06/24-11:02 [restartedMain] INFO  com.example.demo.SpringBootDemo8Ehcahe2Application- Started SpringBootDemo8Ehcahe2Application in 1.199 seconds (JVM running for 1868.688)
2020/06/24-11:02 [restartedMain] INFO  org.springframework.boot.devtools.autoconfigure.ConditionEvaluationDeltaLoggingListener- Condition evaluation unchanged
2020/06/24-11:02 [http-nio-8080-exec-1] INFO  org.apache.catalina.core.ContainerBase.[Tomcat].[localhost].[/demo]- Initializing Spring DispatcherServlet 'dispatcherServlet'
2020/06/24-11:02 [http-nio-8080-exec-1] INFO  org.springframework.web.servlet.DispatcherServlet- Initializing Servlet 'dispatcherServlet'
2020/06/24-11:02 [http-nio-8080-exec-1] INFO  org.springframework.web.servlet.DispatcherServlet- Completed initialization in 7 ms
2020/06/24-11:02 [http-nio-8080-exec-1] INFO  freemarker.beans- Detected multiple classes with the same name, "com.example.demo.bean.UserInfo". Assuming it was a class-reloading. Clearing class introspection caches to release old data.
2020/06/24-11:03 [Thread-4396] INFO  org.springframework.orm.jpa.LocalContainerEntityManagerFactoryBean- Closing JPA EntityManagerFactory for persistence unit 'default'
2020/06/24-11:03 [Thread-4396] INFO  org.springframework.scheduling.concurrent.ThreadPoolTaskExecutor- Shutting down ExecutorService 'applicationTaskExecutor'
2020/06/24-11:03 [Thread-4396] INFO  com.zaxxer.hikari.HikariDataSource- HikariPool-25 - Shutdown initiated...
2020/06/24-11:03 [Thread-4396] INFO  com.zaxxer.hikari.HikariDataSource- HikariPool-25 - Shutdown completed.
2020/06/24-11:03 [restartedMain] INFO  com.example.demo.SpringBootDemo8Ehcahe2Application- Starting SpringBootDemo8Ehcahe2Application on DESKTOP-JM6IDBQ with PID 7100 (E:\MyEclipse\spring-\spring-boot-demo8-ehcahe-2\target\classes started by sff in E:\MyEclipse\spring-\spring-boot-demo8-ehcahe-2)
2020/06/24-11:03 [restartedMain] INFO  com.example.demo.SpringBootDemo8Ehcahe2Application- No active profile set, falling back to default profiles: default
2020/06/24-11:03 [restartedMain] INFO  org.springframework.data.repository.config.RepositoryConfigurationDelegate- Bootstrapping Spring Data JPA repositories in DEFERRED mode.
2020/06/24-11:03 [restartedMain] INFO  org.springframework.data.repository.config.RepositoryConfigurationDelegate- Finished Spring Data repository scanning in 7ms. Found 0 JPA repository interfaces.
2020/06/24-11:03 [restartedMain] INFO  org.springframework.boot.web.embedded.tomcat.TomcatWebServer- Tomcat initialized with port(s): 8080 (http)
2020/06/24-11:03 [restartedMain] INFO  org.apache.catalina.core.StandardService- Starting service [Tomcat]
2020/06/24-11:03 [restartedMain] INFO  org.apache.catalina.core.StandardEngine- Starting Servlet engine: [Apache Tomcat/9.0.36]
2020/06/24-11:03 [restartedMain] INFO  org.apache.catalina.core.ContainerBase.[Tomcat].[localhost].[/demo]- Initializing Spring embedded WebApplicationContext
2020/06/24-11:03 [restartedMain] INFO  org.springframework.boot.web.servlet.context.ServletWebServerApplicationContext- Root WebApplicationContext: initialization completed in 651 ms
2020/06/24-11:03 [restartedMain] INFO  org.springframework.scheduling.concurrent.ThreadPoolTaskExecutor- Initializing ExecutorService 'applicationTaskExecutor'
2020/06/24-11:03 [restartedMain] INFO  com.zaxxer.hikari.HikariDataSource- HikariPool-26 - Starting...
2020/06/24-11:03 [restartedMain] INFO  com.zaxxer.hikari.HikariDataSource- HikariPool-26 - Start completed.
2020/06/24-11:03 [task-1] INFO  org.hibernate.jpa.internal.util.LogHelper- HHH000204: Processing PersistenceUnitInfo [name: default]
2020/06/24-11:03 [task-1] INFO  org.hibernate.dialect.Dialect- HHH000400: Using dialect: org.hibernate.dialect.MySQL55Dialect
2020/06/24-11:03 [task-1] INFO  org.hibernate.engine.transaction.jta.platform.internal.JtaPlatformInitiator- HHH000490: Using JtaPlatform implementation: [org.hibernate.engine.transaction.jta.platform.internal.NoJtaPlatform]
2020/06/24-11:03 [task-1] INFO  org.springframework.orm.jpa.LocalContainerEntityManagerFactoryBean- Initialized JPA EntityManagerFactory for persistence unit 'default'
2020/06/24-11:03 [restartedMain] WARN  org.springframework.boot.autoconfigure.orm.jpa.JpaBaseConfiguration$JpaWebConfiguration- spring.jpa.open-in-view is enabled by default. Therefore, database queries may be performed during view rendering. Explicitly configure spring.jpa.open-in-view to disable this warning
2020/06/24-11:03 [restartedMain] INFO  org.springframework.boot.autoconfigure.web.servlet.WelcomePageHandlerMapping- Adding welcome page template: index
2020/06/24-11:03 [restartedMain] INFO  org.springframework.boot.devtools.autoconfigure.OptionalLiveReloadServer- LiveReload server is running on port 35729
2020/06/24-11:03 [restartedMain] INFO  org.springframework.boot.web.embedded.tomcat.TomcatWebServer- Tomcat started on port(s): 8080 (http) with context path '/demo'
2020/06/24-11:03 [restartedMain] INFO  org.springframework.data.repository.config.DeferredRepositoryInitializationListener- Triggering deferred initialization of Spring Data repositories…
2020/06/24-11:03 [restartedMain] INFO  org.springframework.data.repository.config.DeferredRepositoryInitializationListener- Spring Data repositories initialized!
2020/06/24-11:03 [restartedMain] INFO  com.example.demo.SpringBootDemo8Ehcahe2Application- Started SpringBootDemo8Ehcahe2Application in 1.203 seconds (JVM running for 1919.082)
2020/06/24-11:03 [restartedMain] INFO  org.springframework.boot.devtools.autoconfigure.ConditionEvaluationDeltaLoggingListener- Condition evaluation unchanged
2020/06/24-11:03 [Thread-4579] INFO  org.springframework.orm.jpa.LocalContainerEntityManagerFactoryBean- Closing JPA EntityManagerFactory for persistence unit 'default'
2020/06/24-11:03 [Thread-4579] INFO  org.springframework.scheduling.concurrent.ThreadPoolTaskExecutor- Shutting down ExecutorService 'applicationTaskExecutor'
2020/06/24-11:03 [Thread-4579] INFO  com.zaxxer.hikari.HikariDataSource- HikariPool-26 - Shutdown initiated...
2020/06/24-11:03 [Thread-4579] INFO  com.zaxxer.hikari.HikariDataSource- HikariPool-26 - Shutdown completed.
2020/06/24-11:03 [restartedMain] INFO  com.example.demo.SpringBootDemo8Ehcahe2Application- Starting SpringBootDemo8Ehcahe2Application on DESKTOP-JM6IDBQ with PID 7100 (E:\MyEclipse\spring-\spring-boot-demo8-ehcahe-2\target\classes started by sff in E:\MyEclipse\spring-\spring-boot-demo8-ehcahe-2)
2020/06/24-11:03 [restartedMain] INFO  com.example.demo.SpringBootDemo8Ehcahe2Application- No active profile set, falling back to default profiles: default
2020/06/24-11:03 [restartedMain] INFO  org.springframework.data.repository.config.RepositoryConfigurationDelegate- Bootstrapping Spring Data JPA repositories in DEFERRED mode.
2020/06/24-11:03 [restartedMain] INFO  org.springframework.data.repository.config.RepositoryConfigurationDelegate- Finished Spring Data repository scanning in 6ms. Found 0 JPA repository interfaces.
2020/06/24-11:03 [restartedMain] INFO  org.springframework.boot.web.embedded.tomcat.TomcatWebServer- Tomcat initialized with port(s): 8080 (http)
2020/06/24-11:03 [restartedMain] INFO  org.apache.catalina.core.StandardService- Starting service [Tomcat]
2020/06/24-11:03 [restartedMain] INFO  org.apache.catalina.core.StandardEngine- Starting Servlet engine: [Apache Tomcat/9.0.36]
2020/06/24-11:03 [restartedMain] INFO  org.apache.catalina.core.ContainerBase.[Tomcat].[localhost].[/demo]- Initializing Spring embedded WebApplicationContext
2020/06/24-11:03 [restartedMain] INFO  org.springframework.boot.web.servlet.context.ServletWebServerApplicationContext- Root WebApplicationContext: initialization completed in 688 ms
2020/06/24-11:03 [restartedMain] INFO  org.springframework.scheduling.concurrent.ThreadPoolTaskExecutor- Initializing ExecutorService 'applicationTaskExecutor'
2020/06/24-11:03 [restartedMain] INFO  com.zaxxer.hikari.HikariDataSource- HikariPool-28 - Starting...
2020/06/24-11:03 [restartedMain] INFO  com.zaxxer.hikari.HikariDataSource- HikariPool-28 - Start completed.
2020/06/24-11:03 [task-1] INFO  org.hibernate.jpa.internal.util.LogHelper- HHH000204: Processing PersistenceUnitInfo [name: default]
2020/06/24-11:03 [task-1] INFO  org.hibernate.dialect.Dialect- HHH000400: Using dialect: org.hibernate.dialect.MySQL55Dialect
2020/06/24-11:03 [task-1] INFO  org.hibernate.engine.transaction.jta.platform.internal.JtaPlatformInitiator- HHH000490: Using JtaPlatform implementation: [org.hibernate.engine.transaction.jta.platform.internal.NoJtaPlatform]
2020/06/24-11:03 [task-1] INFO  org.springframework.orm.jpa.LocalContainerEntityManagerFactoryBean- Initialized JPA EntityManagerFactory for persistence unit 'default'
2020/06/24-11:03 [restartedMain] WARN  org.springframework.boot.autoconfigure.orm.jpa.JpaBaseConfiguration$JpaWebConfiguration- spring.jpa.open-in-view is enabled by default. Therefore, database queries may be performed during view rendering. Explicitly configure spring.jpa.open-in-view to disable this warning
2020/06/24-11:03 [restartedMain] INFO  org.springframework.boot.autoconfigure.web.servlet.WelcomePageHandlerMapping- Adding welcome page template: index
2020/06/24-11:03 [restartedMain] INFO  org.springframework.boot.devtools.autoconfigure.OptionalLiveReloadServer- LiveReload server is running on port 35729
2020/06/24-11:03 [restartedMain] INFO  org.springframework.boot.web.embedded.tomcat.TomcatWebServer- Tomcat started on port(s): 8080 (http) with context path '/demo'
2020/06/24-11:03 [restartedMain] INFO  org.springframework.data.repository.config.DeferredRepositoryInitializationListener- Triggering deferred initialization of Spring Data repositories…
2020/06/24-11:03 [restartedMain] INFO  org.springframework.data.repository.config.DeferredRepositoryInitializationListener- Spring Data repositories initialized!
2020/06/24-11:03 [restartedMain] INFO  com.example.demo.SpringBootDemo8Ehcahe2Application- Started SpringBootDemo8Ehcahe2Application in 1.186 seconds (JVM running for 1948.407)
2020/06/24-11:03 [restartedMain] INFO  org.springframework.boot.devtools.autoconfigure.ConditionEvaluationDeltaLoggingListener- Condition evaluation unchanged
2020/06/24-11:05 [Thread-4945] INFO  org.springframework.orm.jpa.LocalContainerEntityManagerFactoryBean- Closing JPA EntityManagerFactory for persistence unit 'default'
2020/06/24-11:05 [Thread-4945] INFO  org.springframework.scheduling.concurrent.ThreadPoolTaskExecutor- Shutting down ExecutorService 'applicationTaskExecutor'
2020/06/24-11:05 [Thread-4945] INFO  com.zaxxer.hikari.HikariDataSource- HikariPool-28 - Shutdown initiated...
2020/06/24-11:05 [Thread-4945] INFO  com.zaxxer.hikari.HikariDataSource- HikariPool-28 - Shutdown completed.
2020/06/24-11:05 [restartedMain] INFO  com.example.demo.SpringBootDemo8Ehcahe2Application- Starting SpringBootDemo8Ehcahe2Application on DESKTOP-JM6IDBQ with PID 7100 (E:\MyEclipse\spring-\spring-boot-demo8-ehcahe-2\target\classes started by sff in E:\MyEclipse\spring-\spring-boot-demo8-ehcahe-2)
2020/06/24-11:05 [restartedMain] INFO  com.example.demo.SpringBootDemo8Ehcahe2Application- No active profile set, falling back to default profiles: default
2020/06/24-11:05 [restartedMain] INFO  org.springframework.data.repository.config.RepositoryConfigurationDelegate- Bootstrapping Spring Data JPA repositories in DEFERRED mode.
2020/06/24-11:05 [restartedMain] INFO  org.springframework.data.repository.config.RepositoryConfigurationDelegate- Finished Spring Data repository scanning in 6ms. Found 0 JPA repository interfaces.
2020/06/24-11:05 [restartedMain] INFO  org.springframework.boot.web.embedded.tomcat.TomcatWebServer- Tomcat initialized with port(s): 8080 (http)
2020/06/24-11:05 [restartedMain] INFO  org.apache.catalina.core.StandardService- Starting service [Tomcat]
2020/06/24-11:05 [restartedMain] INFO  org.apache.catalina.core.StandardEngine- Starting Servlet engine: [Apache Tomcat/9.0.36]
2020/06/24-11:05 [restartedMain] INFO  org.apache.catalina.core.ContainerBase.[Tomcat].[localhost].[/demo]- Initializing Spring embedded WebApplicationContext
2020/06/24-11:05 [restartedMain] INFO  org.springframework.boot.web.servlet.context.ServletWebServerApplicationContext- Root WebApplicationContext: initialization completed in 664 ms
2020/06/24-11:05 [restartedMain] INFO  org.springframework.scheduling.concurrent.ThreadPoolTaskExecutor- Initializing ExecutorService 'applicationTaskExecutor'
2020/06/24-11:05 [restartedMain] INFO  com.zaxxer.hikari.HikariDataSource- HikariPool-29 - Starting...
2020/06/24-11:05 [restartedMain] INFO  com.zaxxer.hikari.HikariDataSource- HikariPool-29 - Start completed.
2020/06/24-11:05 [task-1] INFO  org.hibernate.jpa.internal.util.LogHelper- HHH000204: Processing PersistenceUnitInfo [name: default]
2020/06/24-11:05 [task-1] INFO  org.hibernate.dialect.Dialect- HHH000400: Using dialect: org.hibernate.dialect.MySQL55Dialect
2020/06/24-11:05 [task-1] INFO  org.hibernate.engine.transaction.jta.platform.internal.JtaPlatformInitiator- HHH000490: Using JtaPlatform implementation: [org.hibernate.engine.transaction.jta.platform.internal.NoJtaPlatform]
2020/06/24-11:05 [task-1] INFO  org.springframework.orm.jpa.LocalContainerEntityManagerFactoryBean- Initialized JPA EntityManagerFactory for persistence unit 'default'
2020/06/24-11:05 [restartedMain] WARN  org.springframework.boot.autoconfigure.orm.jpa.JpaBaseConfiguration$JpaWebConfiguration- spring.jpa.open-in-view is enabled by default. Therefore, database queries may be performed during view rendering. Explicitly configure spring.jpa.open-in-view to disable this warning
2020/06/24-11:05 [restartedMain] INFO  org.springframework.boot.autoconfigure.web.servlet.WelcomePageHandlerMapping- Adding welcome page template: index
2020/06/24-11:05 [restartedMain] INFO  org.springframework.boot.devtools.autoconfigure.OptionalLiveReloadServer- LiveReload server is running on port 35729
2020/06/24-11:05 [restartedMain] INFO  org.springframework.boot.web.embedded.tomcat.TomcatWebServer- Tomcat started on port(s): 8080 (http) with context path '/demo'
2020/06/24-11:05 [restartedMain] INFO  org.springframework.data.repository.config.DeferredRepositoryInitializationListener- Triggering deferred initialization of Spring Data repositories…
2020/06/24-11:05 [restartedMain] INFO  org.springframework.data.repository.config.DeferredRepositoryInitializationListener- Spring Data repositories initialized!
2020/06/24-11:05 [restartedMain] INFO  com.example.demo.SpringBootDemo8Ehcahe2Application- Started SpringBootDemo8Ehcahe2Application in 1.144 seconds (JVM running for 2070.126)
2020/06/24-11:05 [restartedMain] INFO  org.springframework.boot.devtools.autoconfigure.ConditionEvaluationDeltaLoggingListener- Condition evaluation unchanged
2020/06/24-11:05 [http-nio-8080-exec-1] INFO  org.apache.catalina.core.ContainerBase.[Tomcat].[localhost].[/demo]- Initializing Spring DispatcherServlet 'dispatcherServlet'
2020/06/24-11:05 [http-nio-8080-exec-1] INFO  org.springframework.web.servlet.DispatcherServlet- Initializing Servlet 'dispatcherServlet'
2020/06/24-11:05 [http-nio-8080-exec-1] INFO  org.springframework.web.servlet.DispatcherServlet- Completed initialization in 10 ms
2020/06/24-11:05 [http-nio-8080-exec-1] INFO  freemarker.beans- Detected multiple classes with the same name, "com.example.demo.bean.UserInfo". Assuming it was a class-reloading. Clearing class introspection caches to release old data.
2020/06/24-11:07 [Thread-5128] INFO  org.springframework.orm.jpa.LocalContainerEntityManagerFactoryBean- Closing JPA EntityManagerFactory for persistence unit 'default'
2020/06/24-11:07 [Thread-5128] INFO  org.springframework.scheduling.concurrent.ThreadPoolTaskExecutor- Shutting down ExecutorService 'applicationTaskExecutor'
2020/06/24-11:07 [Thread-5128] INFO  com.zaxxer.hikari.HikariDataSource- HikariPool-29 - Shutdown initiated...
2020/06/24-11:07 [Thread-5128] INFO  com.zaxxer.hikari.HikariDataSource- HikariPool-29 - Shutdown completed.
2020/06/24-11:07 [restartedMain] INFO  com.example.demo.SpringBootDemo8Ehcahe2Application- Starting SpringBootDemo8Ehcahe2Application on DESKTOP-JM6IDBQ with PID 7100 (E:\MyEclipse\spring-\spring-boot-demo8-ehcahe-2\target\classes started by sff in E:\MyEclipse\spring-\spring-boot-demo8-ehcahe-2)
2020/06/24-11:07 [restartedMain] INFO  com.example.demo.SpringBootDemo8Ehcahe2Application- No active profile set, falling back to default profiles: default
2020/06/24-11:07 [restartedMain] INFO  org.springframework.data.repository.config.RepositoryConfigurationDelegate- Bootstrapping Spring Data JPA repositories in DEFERRED mode.
2020/06/24-11:07 [restartedMain] INFO  org.springframework.data.repository.config.RepositoryConfigurationDelegate- Finished Spring Data repository scanning in 5ms. Found 0 JPA repository interfaces.
2020/06/24-11:07 [restartedMain] INFO  org.springframework.boot.web.embedded.tomcat.TomcatWebServer- Tomcat initialized with port(s): 8080 (http)
2020/06/24-11:07 [restartedMain] INFO  org.apache.catalina.core.StandardService- Starting service [Tomcat]
2020/06/24-11:07 [restartedMain] INFO  org.apache.catalina.core.StandardEngine- Starting Servlet engine: [Apache Tomcat/9.0.36]
2020/06/24-11:07 [restartedMain] INFO  org.apache.catalina.core.ContainerBase.[Tomcat].[localhost].[/demo]- Initializing Spring embedded WebApplicationContext
2020/06/24-11:07 [restartedMain] INFO  org.springframework.boot.web.servlet.context.ServletWebServerApplicationContext- Root WebApplicationContext: initialization completed in 853 ms
2020/06/24-11:07 [restartedMain] INFO  org.springframework.scheduling.concurrent.ThreadPoolTaskExecutor- Initializing ExecutorService 'applicationTaskExecutor'
2020/06/24-11:07 [restartedMain] INFO  com.zaxxer.hikari.HikariDataSource- HikariPool-30 - Starting...
2020/06/24-11:07 [restartedMain] INFO  com.zaxxer.hikari.HikariDataSource- HikariPool-30 - Start completed.
2020/06/24-11:07 [task-1] INFO  org.hibernate.jpa.internal.util.LogHelper- HHH000204: Processing PersistenceUnitInfo [name: default]
2020/06/24-11:07 [task-1] INFO  org.hibernate.dialect.Dialect- HHH000400: Using dialect: org.hibernate.dialect.MySQL55Dialect
2020/06/24-11:07 [task-1] INFO  org.hibernate.engine.transaction.jta.platform.internal.JtaPlatformInitiator- HHH000490: Using JtaPlatform implementation: [org.hibernate.engine.transaction.jta.platform.internal.NoJtaPlatform]
2020/06/24-11:07 [task-1] INFO  org.springframework.orm.jpa.LocalContainerEntityManagerFactoryBean- Initialized JPA EntityManagerFactory for persistence unit 'default'
2020/06/24-11:07 [restartedMain] WARN  org.springframework.boot.autoconfigure.orm.jpa.JpaBaseConfiguration$JpaWebConfiguration- spring.jpa.open-in-view is enabled by default. Therefore, database queries may be performed during view rendering. Explicitly configure spring.jpa.open-in-view to disable this warning
2020/06/24-11:07 [restartedMain] INFO  org.springframework.boot.autoconfigure.web.servlet.WelcomePageHandlerMapping- Adding welcome page template: index
2020/06/24-11:07 [restartedMain] INFO  org.springframework.boot.devtools.autoconfigure.OptionalLiveReloadServer- LiveReload server is running on port 35729
2020/06/24-11:07 [restartedMain] INFO  org.springframework.boot.web.embedded.tomcat.TomcatWebServer- Tomcat started on port(s): 8080 (http) with context path '/demo'
2020/06/24-11:07 [restartedMain] INFO  org.springframework.data.repository.config.DeferredRepositoryInitializationListener- Triggering deferred initialization of Spring Data repositories…
2020/06/24-11:07 [restartedMain] INFO  org.springframework.data.repository.config.DeferredRepositoryInitializationListener- Spring Data repositories initialized!
2020/06/24-11:07 [restartedMain] INFO  com.example.demo.SpringBootDemo8Ehcahe2Application- Started SpringBootDemo8Ehcahe2Application in 1.546 seconds (JVM running for 2171.631)
2020/06/24-11:07 [restartedMain] INFO  org.springframework.boot.devtools.autoconfigure.ConditionEvaluationDeltaLoggingListener- Condition evaluation unchanged
2020/06/24-11:07 [Thread-5311] INFO  org.springframework.orm.jpa.LocalContainerEntityManagerFactoryBean- Closing JPA EntityManagerFactory for persistence unit 'default'
2020/06/24-11:07 [Thread-5311] INFO  org.springframework.scheduling.concurrent.ThreadPoolTaskExecutor- Shutting down ExecutorService 'applicationTaskExecutor'
2020/06/24-11:07 [Thread-5311] INFO  com.zaxxer.hikari.HikariDataSource- HikariPool-30 - Shutdown initiated...
2020/06/24-11:07 [Thread-5311] INFO  com.zaxxer.hikari.HikariDataSource- HikariPool-30 - Shutdown completed.
2020/06/24-11:07 [restartedMain] INFO  com.example.demo.SpringBootDemo8Ehcahe2Application- Starting SpringBootDemo8Ehcahe2Application on DESKTOP-JM6IDBQ with PID 7100 (E:\MyEclipse\spring-\spring-boot-demo8-ehcahe-2\target\classes started by sff in E:\MyEclipse\spring-\spring-boot-demo8-ehcahe-2)
2020/06/24-11:07 [restartedMain] INFO  com.example.demo.SpringBootDemo8Ehcahe2Application- No active profile set, falling back to default profiles: default
2020/06/24-11:07 [restartedMain] INFO  org.springframework.data.repository.config.RepositoryConfigurationDelegate- Bootstrapping Spring Data JPA repositories in DEFERRED mode.
2020/06/24-11:07 [restartedMain] INFO  org.springframework.data.repository.config.RepositoryConfigurationDelegate- Finished Spring Data repository scanning in 6ms. Found 0 JPA repository interfaces.
2020/06/24-11:07 [restartedMain] INFO  org.springframework.boot.web.embedded.tomcat.TomcatWebServer- Tomcat initialized with port(s): 8080 (http)
2020/06/24-11:07 [restartedMain] INFO  org.apache.catalina.core.StandardService- Starting service [Tomcat]
2020/06/24-11:07 [restartedMain] INFO  org.apache.catalina.core.StandardEngine- Starting Servlet engine: [Apache Tomcat/9.0.36]
2020/06/24-11:07 [restartedMain] INFO  org.apache.catalina.core.ContainerBase.[Tomcat].[localhost].[/demo]- Initializing Spring embedded WebApplicationContext
2020/06/24-11:07 [restartedMain] INFO  org.springframework.boot.web.servlet.context.ServletWebServerApplicationContext- Root WebApplicationContext: initialization completed in 648 ms
2020/06/24-11:07 [restartedMain] INFO  org.springframework.scheduling.concurrent.ThreadPoolTaskExecutor- Initializing ExecutorService 'applicationTaskExecutor'
2020/06/24-11:07 [restartedMain] INFO  com.zaxxer.hikari.HikariDataSource- HikariPool-31 - Starting...
2020/06/24-11:07 [restartedMain] INFO  com.zaxxer.hikari.HikariDataSource- HikariPool-31 - Start completed.
2020/06/24-11:07 [task-1] INFO  org.hibernate.jpa.internal.util.LogHelper- HHH000204: Processing PersistenceUnitInfo [name: default]
2020/06/24-11:07 [task-1] INFO  org.hibernate.dialect.Dialect- HHH000400: Using dialect: org.hibernate.dialect.MySQL55Dialect
2020/06/24-11:07 [task-1] INFO  org.hibernate.engine.transaction.jta.platform.internal.JtaPlatformInitiator- HHH000490: Using JtaPlatform implementation: [org.hibernate.engine.transaction.jta.platform.internal.NoJtaPlatform]
2020/06/24-11:07 [task-1] INFO  org.springframework.orm.jpa.LocalContainerEntityManagerFactoryBean- Initialized JPA EntityManagerFactory for persistence unit 'default'
2020/06/24-11:07 [restartedMain] WARN  org.springframework.boot.autoconfigure.orm.jpa.JpaBaseConfiguration$JpaWebConfiguration- spring.jpa.open-in-view is enabled by default. Therefore, database queries may be performed during view rendering. Explicitly configure spring.jpa.open-in-view to disable this warning
2020/06/24-11:07 [restartedMain] INFO  org.springframework.boot.autoconfigure.web.servlet.WelcomePageHandlerMapping- Adding welcome page template: index
2020/06/24-11:07 [restartedMain] INFO  org.springframework.boot.devtools.autoconfigure.OptionalLiveReloadServer- LiveReload server is running on port 35729
2020/06/24-11:07 [restartedMain] INFO  org.springframework.boot.web.embedded.tomcat.TomcatWebServer- Tomcat started on port(s): 8080 (http) with context path '/demo'
2020/06/24-11:07 [restartedMain] INFO  org.springframework.data.repository.config.DeferredRepositoryInitializationListener- Triggering deferred initialization of Spring Data repositories…
2020/06/24-11:07 [restartedMain] INFO  org.springframework.data.repository.config.DeferredRepositoryInitializationListener- Spring Data repositories initialized!
2020/06/24-11:07 [restartedMain] INFO  com.example.demo.SpringBootDemo8Ehcahe2Application- Started SpringBootDemo8Ehcahe2Application in 1.138 seconds (JVM running for 2185.772)
2020/06/24-11:07 [restartedMain] INFO  org.springframework.boot.devtools.autoconfigure.ConditionEvaluationDeltaLoggingListener- Condition evaluation unchanged
2020/06/24-11:07 [http-nio-8080-exec-1] INFO  org.apache.catalina.core.ContainerBase.[Tomcat].[localhost].[/demo]- Initializing Spring DispatcherServlet 'dispatcherServlet'
2020/06/24-11:07 [http-nio-8080-exec-1] INFO  org.springframework.web.servlet.DispatcherServlet- Initializing Servlet 'dispatcherServlet'
2020/06/24-11:07 [http-nio-8080-exec-1] INFO  org.springframework.web.servlet.DispatcherServlet- Completed initialization in 9 ms
2020/06/24-11:07 [http-nio-8080-exec-1] INFO  freemarker.beans- Detected multiple classes with the same name, "com.example.demo.bean.UserInfo". Assuming it was a class-reloading. Clearing class introspection caches to release old data.
2020/06/24-11:07 [zy.data] ERROR net.sf.ehcache.store.disk.DiskStorageFactory- Disk Write of 12 failed: 
java.io.NotSerializableException: com.example.demo.bean.UserInfo
	at java.io.ObjectOutputStream.writeObject0(ObjectOutputStream.java:1184) ~[na:1.8.0_191]
	at java.io.ObjectOutputStream.defaultWriteFields(ObjectOutputStream.java:1548) ~[na:1.8.0_191]
	at java.io.ObjectOutputStream.defaultWriteObject(ObjectOutputStream.java:441) ~[na:1.8.0_191]
	at net.sf.ehcache.Element.writeObject(Element.java:875) ~[ehcache-2.10.4.jar:2.10.4]
	at sun.reflect.NativeMethodAccessorImpl.invoke0(Native Method) ~[na:1.8.0_191]
	at sun.reflect.NativeMethodAccessorImpl.invoke(NativeMethodAccessorImpl.java:62) ~[na:1.8.0_191]
	at sun.reflect.DelegatingMethodAccessorImpl.invoke(DelegatingMethodAccessorImpl.java:43) ~[na:1.8.0_191]
	at java.lang.reflect.Method.invoke(Method.java:498) ~[na:1.8.0_191]
	at java.io.ObjectStreamClass.invokeWriteObject(ObjectStreamClass.java:1140) ~[na:1.8.0_191]
	at java.io.ObjectOutputStream.writeSerialData(ObjectOutputStream.java:1496) ~[na:1.8.0_191]
	at java.io.ObjectOutputStream.writeOrdinaryObject(ObjectOutputStream.java:1432) ~[na:1.8.0_191]
	at java.io.ObjectOutputStream.writeObject0(ObjectOutputStream.java:1178) ~[na:1.8.0_191]
	at java.io.ObjectOutputStream.writeObject(ObjectOutputStream.java:348) ~[na:1.8.0_191]
	at net.sf.ehcache.util.MemoryEfficientByteArrayOutputStream.serialize(MemoryEfficientByteArrayOutputStream.java:97) ~[ehcache-2.10.4.jar:2.10.4]
	at net.sf.ehcache.store.disk.DiskStorageFactory.serializeElement(DiskStorageFactory.java:403) ~[ehcache-2.10.4.jar:2.10.4]
	at net.sf.ehcache.store.disk.DiskStorageFactory.write(DiskStorageFactory.java:385) ~[ehcache-2.10.4.jar:2.10.4]
	at net.sf.ehcache.store.disk.DiskStorageFactory$DiskWriteTask.call(DiskStorageFactory.java:477) ~[ehcache-2.10.4.jar:2.10.4]
	at net.sf.ehcache.store.disk.DiskStorageFactory$PersistentDiskWriteTask.call(DiskStorageFactory.java:1071) [ehcache-2.10.4.jar:2.10.4]
	at net.sf.ehcache.store.disk.DiskStorageFactory$PersistentDiskWriteTask.call(DiskStorageFactory.java:1055) [ehcache-2.10.4.jar:2.10.4]
	at java.util.concurrent.FutureTask.run(FutureTask.java:266) [na:1.8.0_191]
	at java.util.concurrent.ScheduledThreadPoolExecutor$ScheduledFutureTask.access$201(ScheduledThreadPoolExecutor.java:180) [na:1.8.0_191]
	at java.util.concurrent.ScheduledThreadPoolExecutor$ScheduledFutureTask.run(ScheduledThreadPoolExecutor.java:293) [na:1.8.0_191]
	at java.util.concurrent.ThreadPoolExecutor.runWorker(ThreadPoolExecutor.java:1149) [na:1.8.0_191]
	at java.util.concurrent.ThreadPoolExecutor$Worker.run(ThreadPoolExecutor.java:624) [na:1.8.0_191]
	at java.lang.Thread.run(Thread.java:748) [na:1.8.0_191]
2020/06/24-11:09 [zy.data] ERROR net.sf.ehcache.store.disk.DiskStorageFactory- Disk Write of 6 failed: 
java.io.NotSerializableException: com.example.demo.bean.UserInfo
	at java.io.ObjectOutputStream.writeObject0(ObjectOutputStream.java:1184) ~[na:1.8.0_191]
	at java.io.ObjectOutputStream.defaultWriteFields(ObjectOutputStream.java:1548) ~[na:1.8.0_191]
	at java.io.ObjectOutputStream.defaultWriteObject(ObjectOutputStream.java:441) ~[na:1.8.0_191]
	at net.sf.ehcache.Element.writeObject(Element.java:875) ~[ehcache-2.10.4.jar:2.10.4]
	at sun.reflect.NativeMethodAccessorImpl.invoke0(Native Method) ~[na:1.8.0_191]
	at sun.reflect.NativeMethodAccessorImpl.invoke(NativeMethodAccessorImpl.java:62) ~[na:1.8.0_191]
	at sun.reflect.DelegatingMethodAccessorImpl.invoke(DelegatingMethodAccessorImpl.java:43) ~[na:1.8.0_191]
	at java.lang.reflect.Method.invoke(Method.java:498) ~[na:1.8.0_191]
	at java.io.ObjectStreamClass.invokeWriteObject(ObjectStreamClass.java:1140) ~[na:1.8.0_191]
	at java.io.ObjectOutputStream.writeSerialData(ObjectOutputStream.java:1496) ~[na:1.8.0_191]
	at java.io.ObjectOutputStream.writeOrdinaryObject(ObjectOutputStream.java:1432) ~[na:1.8.0_191]
	at java.io.ObjectOutputStream.writeObject0(ObjectOutputStream.java:1178) ~[na:1.8.0_191]
	at java.io.ObjectOutputStream.writeObject(ObjectOutputStream.java:348) ~[na:1.8.0_191]
	at net.sf.ehcache.util.MemoryEfficientByteArrayOutputStream.serialize(MemoryEfficientByteArrayOutputStream.java:97) ~[ehcache-2.10.4.jar:2.10.4]
	at net.sf.ehcache.store.disk.DiskStorageFactory.serializeElement(DiskStorageFactory.java:403) ~[ehcache-2.10.4.jar:2.10.4]
	at net.sf.ehcache.store.disk.DiskStorageFactory.write(DiskStorageFactory.java:385) ~[ehcache-2.10.4.jar:2.10.4]
	at net.sf.ehcache.store.disk.DiskStorageFactory$DiskWriteTask.call(DiskStorageFactory.java:477) ~[ehcache-2.10.4.jar:2.10.4]
	at net.sf.ehcache.store.disk.DiskStorageFactory$PersistentDiskWriteTask.call(DiskStorageFactory.java:1071) [ehcache-2.10.4.jar:2.10.4]
	at net.sf.ehcache.store.disk.DiskStorageFactory$PersistentDiskWriteTask.call(DiskStorageFactory.java:1055) [ehcache-2.10.4.jar:2.10.4]
	at java.util.concurrent.FutureTask.run(FutureTask.java:266) [na:1.8.0_191]
	at java.util.concurrent.ScheduledThreadPoolExecutor$ScheduledFutureTask.access$201(ScheduledThreadPoolExecutor.java:180) [na:1.8.0_191]
	at java.util.concurrent.ScheduledThreadPoolExecutor$ScheduledFutureTask.run(ScheduledThreadPoolExecutor.java:293) [na:1.8.0_191]
	at java.util.concurrent.ThreadPoolExecutor.runWorker(ThreadPoolExecutor.java:1149) [na:1.8.0_191]
	at java.util.concurrent.ThreadPoolExecutor$Worker.run(ThreadPoolExecutor.java:624) [na:1.8.0_191]
	at java.lang.Thread.run(Thread.java:748) [na:1.8.0_191]
2020/06/24-11:09 [Thread-5494] INFO  org.springframework.orm.jpa.LocalContainerEntityManagerFactoryBean- Closing JPA EntityManagerFactory for persistence unit 'default'
2020/06/24-11:09 [Thread-5494] INFO  org.springframework.scheduling.concurrent.ThreadPoolTaskExecutor- Shutting down ExecutorService 'applicationTaskExecutor'
2020/06/24-11:09 [Thread-5494] INFO  com.zaxxer.hikari.HikariDataSource- HikariPool-31 - Shutdown initiated...
2020/06/24-11:09 [Thread-5494] INFO  com.zaxxer.hikari.HikariDataSource- HikariPool-31 - Shutdown completed.
2020/06/24-11:09 [Thread-5494] ERROR net.sf.ehcache.store.disk.DiskStorageFactory- Disk Write of 12 failed: 
java.io.NotSerializableException: com.example.demo.bean.UserInfo
	at java.io.ObjectOutputStream.writeObject0(ObjectOutputStream.java:1184) ~[na:1.8.0_191]
	at java.io.ObjectOutputStream.defaultWriteFields(ObjectOutputStream.java:1548) ~[na:1.8.0_191]
	at java.io.ObjectOutputStream.defaultWriteObject(ObjectOutputStream.java:441) ~[na:1.8.0_191]
	at net.sf.ehcache.Element.writeObject(Element.java:875) ~[ehcache-2.10.4.jar:2.10.4]
	at sun.reflect.NativeMethodAccessorImpl.invoke0(Native Method) ~[na:1.8.0_191]
	at sun.reflect.NativeMethodAccessorImpl.invoke(NativeMethodAccessorImpl.java:62) ~[na:1.8.0_191]
	at sun.reflect.DelegatingMethodAccessorImpl.invoke(DelegatingMethodAccessorImpl.java:43) ~[na:1.8.0_191]
	at java.lang.reflect.Method.invoke(Method.java:498) ~[na:1.8.0_191]
	at java.io.ObjectStreamClass.invokeWriteObject(ObjectStreamClass.java:1140) ~[na:1.8.0_191]
	at java.io.ObjectOutputStream.writeSerialData(ObjectOutputStream.java:1496) ~[na:1.8.0_191]
	at java.io.ObjectOutputStream.writeOrdinaryObject(ObjectOutputStream.java:1432) ~[na:1.8.0_191]
	at java.io.ObjectOutputStream.writeObject0(ObjectOutputStream.java:1178) ~[na:1.8.0_191]
	at java.io.ObjectOutputStream.writeObject(ObjectOutputStream.java:348) ~[na:1.8.0_191]
	at net.sf.ehcache.util.MemoryEfficientByteArrayOutputStream.serialize(MemoryEfficientByteArrayOutputStream.java:97) ~[ehcache-2.10.4.jar:2.10.4]
	at net.sf.ehcache.store.disk.DiskStorageFactory.serializeElement(DiskStorageFactory.java:403) [ehcache-2.10.4.jar:2.10.4]
	at net.sf.ehcache.store.disk.DiskStorageFactory.write(DiskStorageFactory.java:385) [ehcache-2.10.4.jar:2.10.4]
	at net.sf.ehcache.store.disk.DiskStorageFactory$DiskWriteTask.call(DiskStorageFactory.java:477) ~[ehcache-2.10.4.jar:2.10.4]
	at net.sf.ehcache.store.disk.DiskStorageFactory$PersistentDiskWriteTask.call(DiskStorageFactory.java:1071) [ehcache-2.10.4.jar:2.10.4]
	at net.sf.ehcache.store.disk.DiskStorageFactory$IndexWriteTask.call(DiskStorageFactory.java:1108) [ehcache-2.10.4.jar:2.10.4]
	at net.sf.ehcache.store.disk.DiskStorageFactory.unbind(DiskStorageFactory.java:921) [ehcache-2.10.4.jar:2.10.4]
	at net.sf.ehcache.store.disk.DiskStore.dispose(DiskStore.java:664) [ehcache-2.10.4.jar:2.10.4]
	at net.sf.ehcache.store.CacheStore.dispose(CacheStore.java:342) [ehcache-2.10.4.jar:2.10.4]
	at net.sf.ehcache.Cache.dispose(Cache.java:2588) [ehcache-2.10.4.jar:2.10.4]
	at net.sf.ehcache.CacheManager.shutdown(CacheManager.java:1548) [ehcache-2.10.4.jar:2.10.4]
	at sun.reflect.NativeMethodAccessorImpl.invoke0(Native Method) ~[na:1.8.0_191]
	at sun.reflect.NativeMethodAccessorImpl.invoke(NativeMethodAccessorImpl.java:62) ~[na:1.8.0_191]
	at sun.reflect.DelegatingMethodAccessorImpl.invoke(DelegatingMethodAccessorImpl.java:43) ~[na:1.8.0_191]
	at java.lang.reflect.Method.invoke(Method.java:498) ~[na:1.8.0_191]
	at org.springframework.beans.factory.support.DisposableBeanAdapter.invokeCustomDestroyMethod(DisposableBeanAdapter.java:339) [spring-beans-5.2.7.RELEASE.jar:5.2.7.RELEASE]
	at org.springframework.beans.factory.support.DisposableBeanAdapter.destroy(DisposableBeanAdapter.java:273) [spring-beans-5.2.7.RELEASE.jar:5.2.7.RELEASE]
	at org.springframework.beans.factory.support.DefaultSingletonBeanRegistry.destroyBean(DefaultSingletonBeanRegistry.java:579) [spring-beans-5.2.7.RELEASE.jar:5.2.7.RELEASE]
	at org.springframework.beans.factory.support.DefaultSingletonBeanRegistry.destroySingleton(DefaultSingletonBeanRegistry.java:551) [spring-beans-5.2.7.RELEASE.jar:5.2.7.RELEASE]
	at org.springframework.beans.factory.support.DefaultListableBeanFactory.destroySingleton(DefaultListableBeanFactory.java:1089) [spring-beans-5.2.7.RELEASE.jar:5.2.7.RELEASE]
	at org.springframework.beans.factory.support.DefaultSingletonBeanRegistry.destroySingletons(DefaultSingletonBeanRegistry.java:512) [spring-beans-5.2.7.RELEASE.jar:5.2.7.RELEASE]
	at org.springframework.beans.factory.support.DefaultListableBeanFactory.destroySingletons(DefaultListableBeanFactory.java:1082) [spring-beans-5.2.7.RELEASE.jar:5.2.7.RELEASE]
	at org.springframework.context.support.AbstractApplicationContext.destroyBeans(AbstractApplicationContext.java:1061) [spring-context-5.2.7.RELEASE.jar:5.2.7.RELEASE]
	at org.springframework.context.support.AbstractApplicationContext.doClose(AbstractApplicationContext.java:1030) [spring-context-5.2.7.RELEASE.jar:5.2.7.RELEASE]
	at org.springframework.boot.web.servlet.context.ServletWebServerApplicationContext.doClose(ServletWebServerApplicationContext.java:170) [spring-boot-2.3.1.RELEASE.jar:2.3.1.RELEASE]
	at org.springframework.context.support.AbstractApplicationContext.close(AbstractApplicationContext.java:979) [spring-context-5.2.7.RELEASE.jar:5.2.7.RELEASE]
	at org.springframework.boot.devtools.restart.Restarter.stop(Restarter.java:309) [spring-boot-devtools-2.3.1.RELEASE.jar:2.3.1.RELEASE]
	at org.springframework.boot.devtools.restart.Restarter.lambda$restart$1(Restarter.java:251) [spring-boot-devtools-2.3.1.RELEASE.jar:2.3.1.RELEASE]
	at org.springframework.boot.devtools.restart.Restarter$LeakSafeThread.run(Restarter.java:629) ~[spring-boot-devtools-2.3.1.RELEASE.jar:2.3.1.RELEASE]
2020/06/24-11:09 [Thread-5494] ERROR net.sf.ehcache.store.disk.DiskStorageFactory- Disk Write of 6 failed: 
java.io.NotSerializableException: com.example.demo.bean.UserInfo
	at java.io.ObjectOutputStream.writeObject0(ObjectOutputStream.java:1184) ~[na:1.8.0_191]
	at java.io.ObjectOutputStream.defaultWriteFields(ObjectOutputStream.java:1548) ~[na:1.8.0_191]
	at java.io.ObjectOutputStream.defaultWriteObject(ObjectOutputStream.java:441) ~[na:1.8.0_191]
	at net.sf.ehcache.Element.writeObject(Element.java:875) ~[ehcache-2.10.4.jar:2.10.4]
	at sun.reflect.NativeMethodAccessorImpl.invoke0(Native Method) ~[na:1.8.0_191]
	at sun.reflect.NativeMethodAccessorImpl.invoke(NativeMethodAccessorImpl.java:62) ~[na:1.8.0_191]
	at sun.reflect.DelegatingMethodAccessorImpl.invoke(DelegatingMethodAccessorImpl.java:43) ~[na:1.8.0_191]
	at java.lang.reflect.Method.invoke(Method.java:498) ~[na:1.8.0_191]
	at java.io.ObjectStreamClass.invokeWriteObject(ObjectStreamClass.java:1140) ~[na:1.8.0_191]
	at java.io.ObjectOutputStream.writeSerialData(ObjectOutputStream.java:1496) ~[na:1.8.0_191]
	at java.io.ObjectOutputStream.writeOrdinaryObject(ObjectOutputStream.java:1432) ~[na:1.8.0_191]
	at java.io.ObjectOutputStream.writeObject0(ObjectOutputStream.java:1178) ~[na:1.8.0_191]
	at java.io.ObjectOutputStream.writeObject(ObjectOutputStream.java:348) ~[na:1.8.0_191]
	at net.sf.ehcache.util.MemoryEfficientByteArrayOutputStream.serialize(MemoryEfficientByteArrayOutputStream.java:97) ~[ehcache-2.10.4.jar:2.10.4]
	at net.sf.ehcache.store.disk.DiskStorageFactory.serializeElement(DiskStorageFactory.java:403) [ehcache-2.10.4.jar:2.10.4]
	at net.sf.ehcache.store.disk.DiskStorageFactory.write(DiskStorageFactory.java:385) [ehcache-2.10.4.jar:2.10.4]
	at net.sf.ehcache.store.disk.DiskStorageFactory$DiskWriteTask.call(DiskStorageFactory.java:477) ~[ehcache-2.10.4.jar:2.10.4]
	at net.sf.ehcache.store.disk.DiskStorageFactory$PersistentDiskWriteTask.call(DiskStorageFactory.java:1071) [ehcache-2.10.4.jar:2.10.4]
	at net.sf.ehcache.store.disk.DiskStorageFactory$IndexWriteTask.call(DiskStorageFactory.java:1108) [ehcache-2.10.4.jar:2.10.4]
	at net.sf.ehcache.store.disk.DiskStorageFactory.unbind(DiskStorageFactory.java:921) [ehcache-2.10.4.jar:2.10.4]
	at net.sf.ehcache.store.disk.DiskStore.dispose(DiskStore.java:664) [ehcache-2.10.4.jar:2.10.4]
	at net.sf.ehcache.store.CacheStore.dispose(CacheStore.java:342) [ehcache-2.10.4.jar:2.10.4]
	at net.sf.ehcache.Cache.dispose(Cache.java:2588) [ehcache-2.10.4.jar:2.10.4]
	at net.sf.ehcache.CacheManager.shutdown(CacheManager.java:1548) [ehcache-2.10.4.jar:2.10.4]
	at sun.reflect.NativeMethodAccessorImpl.invoke0(Native Method) ~[na:1.8.0_191]
	at sun.reflect.NativeMethodAccessorImpl.invoke(NativeMethodAccessorImpl.java:62) ~[na:1.8.0_191]
	at sun.reflect.DelegatingMethodAccessorImpl.invoke(DelegatingMethodAccessorImpl.java:43) ~[na:1.8.0_191]
	at java.lang.reflect.Method.invoke(Method.java:498) ~[na:1.8.0_191]
	at org.springframework.beans.factory.support.DisposableBeanAdapter.invokeCustomDestroyMethod(DisposableBeanAdapter.java:339) [spring-beans-5.2.7.RELEASE.jar:5.2.7.RELEASE]
	at org.springframework.beans.factory.support.DisposableBeanAdapter.destroy(DisposableBeanAdapter.java:273) [spring-beans-5.2.7.RELEASE.jar:5.2.7.RELEASE]
	at org.springframework.beans.factory.support.DefaultSingletonBeanRegistry.destroyBean(DefaultSingletonBeanRegistry.java:579) [spring-beans-5.2.7.RELEASE.jar:5.2.7.RELEASE]
	at org.springframework.beans.factory.support.DefaultSingletonBeanRegistry.destroySingleton(DefaultSingletonBeanRegistry.java:551) [spring-beans-5.2.7.RELEASE.jar:5.2.7.RELEASE]
	at org.springframework.beans.factory.support.DefaultListableBeanFactory.destroySingleton(DefaultListableBeanFactory.java:1089) [spring-beans-5.2.7.RELEASE.jar:5.2.7.RELEASE]
	at org.springframework.beans.factory.support.DefaultSingletonBeanRegistry.destroySingletons(DefaultSingletonBeanRegistry.java:512) [spring-beans-5.2.7.RELEASE.jar:5.2.7.RELEASE]
	at org.springframework.beans.factory.support.DefaultListableBeanFactory.destroySingletons(DefaultListableBeanFactory.java:1082) [spring-beans-5.2.7.RELEASE.jar:5.2.7.RELEASE]
	at org.springframework.context.support.AbstractApplicationContext.destroyBeans(AbstractApplicationContext.java:1061) [spring-context-5.2.7.RELEASE.jar:5.2.7.RELEASE]
	at org.springframework.context.support.AbstractApplicationContext.doClose(AbstractApplicationContext.java:1030) [spring-context-5.2.7.RELEASE.jar:5.2.7.RELEASE]
	at org.springframework.boot.web.servlet.context.ServletWebServerApplicationContext.doClose(ServletWebServerApplicationContext.java:170) [spring-boot-2.3.1.RELEASE.jar:2.3.1.RELEASE]
	at org.springframework.context.support.AbstractApplicationContext.close(AbstractApplicationContext.java:979) [spring-context-5.2.7.RELEASE.jar:5.2.7.RELEASE]
	at org.springframework.boot.devtools.restart.Restarter.stop(Restarter.java:309) [spring-boot-devtools-2.3.1.RELEASE.jar:2.3.1.RELEASE]
	at org.springframework.boot.devtools.restart.Restarter.lambda$restart$1(Restarter.java:251) [spring-boot-devtools-2.3.1.RELEASE.jar:2.3.1.RELEASE]
	at org.springframework.boot.devtools.restart.Restarter$LeakSafeThread.run(Restarter.java:629) ~[spring-boot-devtools-2.3.1.RELEASE.jar:2.3.1.RELEASE]
2020/06/24-11:09 [restartedMain] INFO  com.example.demo.SpringBootDemo8Ehcahe2Application- Starting SpringBootDemo8Ehcahe2Application on DESKTOP-JM6IDBQ with PID 7100 (E:\MyEclipse\spring-\spring-boot-demo8-ehcahe-2\target\classes started by sff in E:\MyEclipse\spring-\spring-boot-demo8-ehcahe-2)
2020/06/24-11:09 [restartedMain] INFO  com.example.demo.SpringBootDemo8Ehcahe2Application- No active profile set, falling back to default profiles: default
2020/06/24-11:09 [restartedMain] INFO  org.springframework.data.repository.config.RepositoryConfigurationDelegate- Bootstrapping Spring Data JPA repositories in DEFERRED mode.
2020/06/24-11:09 [restartedMain] INFO  org.springframework.data.repository.config.RepositoryConfigurationDelegate- Finished Spring Data repository scanning in 7ms. Found 0 JPA repository interfaces.
2020/06/24-11:09 [restartedMain] INFO  org.springframework.boot.web.embedded.tomcat.TomcatWebServer- Tomcat initialized with port(s): 8080 (http)
2020/06/24-11:09 [restartedMain] INFO  org.apache.catalina.core.StandardService- Starting service [Tomcat]
2020/06/24-11:09 [restartedMain] INFO  org.apache.catalina.core.StandardEngine- Starting Servlet engine: [Apache Tomcat/9.0.36]
2020/06/24-11:09 [restartedMain] INFO  org.apache.catalina.core.ContainerBase.[Tomcat].[localhost].[/demo]- Initializing Spring embedded WebApplicationContext
2020/06/24-11:09 [restartedMain] INFO  org.springframework.boot.web.servlet.context.ServletWebServerApplicationContext- Root WebApplicationContext: initialization completed in 759 ms
2020/06/24-11:09 [restartedMain] INFO  org.springframework.scheduling.concurrent.ThreadPoolTaskExecutor- Initializing ExecutorService 'applicationTaskExecutor'
2020/06/24-11:09 [restartedMain] INFO  com.zaxxer.hikari.HikariDataSource- HikariPool-32 - Starting...
2020/06/24-11:09 [restartedMain] INFO  com.zaxxer.hikari.HikariDataSource- HikariPool-32 - Start completed.
2020/06/24-11:09 [task-1] INFO  org.hibernate.jpa.internal.util.LogHelper- HHH000204: Processing PersistenceUnitInfo [name: default]
2020/06/24-11:09 [task-1] INFO  org.hibernate.dialect.Dialect- HHH000400: Using dialect: org.hibernate.dialect.MySQL55Dialect
2020/06/24-11:09 [task-1] INFO  org.hibernate.engine.transaction.jta.platform.internal.JtaPlatformInitiator- HHH000490: Using JtaPlatform implementation: [org.hibernate.engine.transaction.jta.platform.internal.NoJtaPlatform]
2020/06/24-11:09 [task-1] INFO  org.springframework.orm.jpa.LocalContainerEntityManagerFactoryBean- Initialized JPA EntityManagerFactory for persistence unit 'default'
2020/06/24-11:09 [restartedMain] WARN  org.springframework.boot.autoconfigure.orm.jpa.JpaBaseConfiguration$JpaWebConfiguration- spring.jpa.open-in-view is enabled by default. Therefore, database queries may be performed during view rendering. Explicitly configure spring.jpa.open-in-view to disable this warning
2020/06/24-11:09 [restartedMain] INFO  org.springframework.boot.autoconfigure.web.servlet.WelcomePageHandlerMapping- Adding welcome page template: index
2020/06/24-11:09 [restartedMain] INFO  org.springframework.boot.devtools.autoconfigure.OptionalLiveReloadServer- LiveReload server is running on port 35729
2020/06/24-11:09 [restartedMain] INFO  org.springframework.boot.web.embedded.tomcat.TomcatWebServer- Tomcat started on port(s): 8080 (http) with context path '/demo'
2020/06/24-11:09 [restartedMain] INFO  org.springframework.data.repository.config.DeferredRepositoryInitializationListener- Triggering deferred initialization of Spring Data repositories…
2020/06/24-11:09 [restartedMain] INFO  org.springframework.data.repository.config.DeferredRepositoryInitializationListener- Spring Data repositories initialized!
2020/06/24-11:09 [restartedMain] INFO  com.example.demo.SpringBootDemo8Ehcahe2Application- Started SpringBootDemo8Ehcahe2Application in 1.368 seconds (JVM running for 2318.753)
2020/06/24-11:09 [restartedMain] INFO  org.springframework.boot.devtools.autoconfigure.ConditionEvaluationDeltaLoggingListener- Condition evaluation unchanged
2020/06/24-11:09 [http-nio-8080-exec-1] INFO  org.apache.catalina.core.ContainerBase.[Tomcat].[localhost].[/demo]- Initializing Spring DispatcherServlet 'dispatcherServlet'
2020/06/24-11:09 [http-nio-8080-exec-1] INFO  org.springframework.web.servlet.DispatcherServlet- Initializing Servlet 'dispatcherServlet'
2020/06/24-11:09 [http-nio-8080-exec-1] INFO  org.springframework.web.servlet.DispatcherServlet- Completed initialization in 9 ms
2020/06/24-11:09 [http-nio-8080-exec-1] INFO  freemarker.beans- Detected multiple classes with the same name, "com.example.demo.bean.UserInfo". Assuming it was a class-reloading. Clearing class introspection caches to release old data.
2020/06/24-11:30 [RMI TCP Connection(2)-127.0.0.1] INFO  org.springframework.boot.admin.SpringApplicationAdminMXBeanRegistrar$SpringApplicationAdmin- Application shutdown requested.
2020/06/24-11:30 [RMI TCP Connection(2)-127.0.0.1] INFO  org.springframework.orm.jpa.LocalContainerEntityManagerFactoryBean- Closing JPA EntityManagerFactory for persistence unit 'default'
2020/06/24-11:30 [RMI TCP Connection(2)-127.0.0.1] INFO  org.springframework.scheduling.concurrent.ThreadPoolTaskExecutor- Shutting down ExecutorService 'applicationTaskExecutor'
2020/06/24-11:30 [RMI TCP Connection(2)-127.0.0.1] INFO  com.zaxxer.hikari.HikariDataSource- HikariPool-32 - Shutdown initiated...
2020/06/24-11:30 [RMI TCP Connection(2)-127.0.0.1] INFO  com.zaxxer.hikari.HikariDataSource- HikariPool-32 - Shutdown completed.
